org.apache.hive.service.cli.HiveSQLException: Invalid SessionHandle: SessionHandle [8f93e452-8176-44cb-9e60-1ecd6f4864c5]
	at org.apache.hive.jdbc.Utils.verifySuccess(Utils.java:300)
	at org.apache.hive.jdbc.Utils.verifySuccessWithInfo(Utils.java:286)
	at org.apache.hive.jdbc.HiveStatement.runAsyncOnServer(HiveStatement.java:324)
	at org.apache.hive.jdbc.HiveStatement.execute(HiveStatement.java:265)
	at com.mchange.v2.c3p0.impl.NewProxyStatement.execute(NewProxyStatement.java:1341)
	at com.google.fhir.analytics.HiveTableManager.executeSql(HiveTableManager.java:170)
	at com.google.fhir.analytics.HiveTableManager.createTablesForResource(HiveTableManager.java:106)
	at com.google.fhir.analytics.HiveTableManager.createResourceAndCanonicalTables(HiveTableManager.java:81)
	at com.google.fhir.analytics.PipelineManager$PipelineThread.createHiveResourceTables(PipelineManager.java:750)
	at com.google.fhir.analytics.PipelineManager$PipelineThread.run(PipelineManager.java:719)
Caused by: org.apache.hive.service.cli.HiveSQLException: Invalid SessionHandle: SessionHandle [8f93e452-8176-44cb-9e60-1ecd6f4864c5]
	at org.apache.hive.service.cli.session.SessionManager.getSession(SessionManager.java:301)
	at org.apache.hive.service.cli.CLIService.executeStatementAsync(CLIService.java:306)
	at org.apache.hive.service.cli.thrift.ThriftCLIService.ExecuteStatement(ThriftCLIService.java:455)
	at org.apache.hive.service.rpc.thrift.TCLIService$Processor$ExecuteStatement.getResult(TCLIService.java:1557)
	at org.apache.hive.service.rpc.thrift.TCLIService$Processor$ExecuteStatement.getResult(TCLIService.java:1542)
	at org.apache.thrift.ProcessFunction.process(ProcessFunction.java:38)
	at org.apache.thrift.TBaseProcessor.process(TBaseProcessor.java:39)
	at org.apache.hive.service.auth.TSetIpAddressProcessor.process(TSetIpAddressProcessor.java:52)
	at org.apache.thrift.server.TThreadPoolServer$WorkerProcess.run(TThreadPoolServer.java:310)
	at java.util.concurrent.ThreadPoolExecutor.runWorker(ThreadPoolExecutor.java:1136)
	at java.util.concurrent.ThreadPoolExecutor$Worker.run(ThreadPoolExecutor.java:635)
	at java.lang.Thread.run(Thread.java:840)
